[INFO] Scanning for projects...
[INFO] 
[INFO] --------------------< DevOpsDemo:DemoMavenProject >---------------------
[INFO] Building DemoMavenProject 0.0.1-SNAPSHOT
[INFO]   from pom.xml
[INFO] --------------------------------[ jar ]---------------------------------
[INFO] Downloading from artifact-registry2: https://us-central1-maven.pkg.dev/gcb-catalog-experiment/quickstart-java-repo/com/mycompany/app/cloudbuild-test-maven/1.0-SNAPSHOT/maven-metadata.xml
[INFO] Downloading from artifact-registry: https://us-central1-maven.pkg.dev/gcb-catalog-experiment/better-java-repo/com/mycompany/app/cloudbuild-test-maven/1.0-SNAPSHOT/maven-metadata.xml
[WARNING] Could not transfer metadata com.mycompany.app:cloudbuild-test-maven:1.0-SNAPSHOT/maven-metadata.xml from/to artifact-registry (https://us-central1-maven.pkg.dev/gcb-catalog-experiment/better-java-repo): status code: 401, reason phrase: Unauthorized (401)
[WARNING] Could not transfer metadata com.mycompany.app:cloudbuild-test-maven:1.0-SNAPSHOT/maven-metadata.xml from/to artifact-registry2 (https://us-central1-maven.pkg.dev/gcb-catalog-experiment/quickstart-java-repo): status code: 401, reason phrase: Unauthorized (401)
[WARNING] com.mycompany.app:cloudbuild-test-maven:1.0-SNAPSHOT/maven-metadata.xml failed to transfer from https://us-central1-maven.pkg.dev/gcb-catalog-experiment/better-java-repo during a previous attempt. This failure was cached in the local repository and resolution will not be reattempted until the update interval of artifact-registry has elapsed or updates are forced. Original error: Could not transfer metadata com.mycompany.app:cloudbuild-test-maven:1.0-SNAPSHOT/maven-metadata.xml from/to artifact-registry (https://us-central1-maven.pkg.dev/gcb-catalog-experiment/better-java-repo): status code: 401, reason phrase: Unauthorized (401)
[WARNING] com.mycompany.app:cloudbuild-test-maven:1.0-SNAPSHOT/maven-metadata.xml failed to transfer from https://us-central1-maven.pkg.dev/gcb-catalog-experiment/quickstart-java-repo during a previous attempt. This failure was cached in the local repository and resolution will not be reattempted until the update interval of artifact-registry2 has elapsed or updates are forced. Original error: Could not transfer metadata com.mycompany.app:cloudbuild-test-maven:1.0-SNAPSHOT/maven-metadata.xml from/to artifact-registry2 (https://us-central1-maven.pkg.dev/gcb-catalog-experiment/quickstart-java-repo): status code: 401, reason phrase: Unauthorized (401)
[INFO] 
[INFO] --- resources:3.0.2:resources (default-resources) @ DemoMavenProject ---
[INFO] Using 'UTF-8' encoding to copy filtered resources.
[INFO] skip non existing resourceDirectory /Users/yawenluo/Desktop/testfolder/local_dev/maven-demo-repo/src/main/resources
[INFO] 
[INFO] --- compiler:3.8.0:compile (default-compile) @ DemoMavenProject ---
[INFO] Nothing to compile - all classes are up to date
[INFO] 
[INFO] --- resources:3.0.2:testResources (default-testResources) @ DemoMavenProject ---
[INFO] Using 'UTF-8' encoding to copy filtered resources.
[INFO] skip non existing resourceDirectory /Users/yawenluo/Desktop/testfolder/local_dev/maven-demo-repo/src/test/resources
[INFO] 
[INFO] --- compiler:3.8.0:testCompile (default-testCompile) @ DemoMavenProject ---
[INFO] Nothing to compile - all classes are up to date
[INFO] 
[INFO] --- surefire:2.12.2:test (default-test) @ DemoMavenProject ---
[INFO] Surefire report directory: /Users/yawenluo/Desktop/testfolder/local_dev/maven-demo-repo/target/surefire-reports

-------------------------------------------------------
 T E S T S
-------------------------------------------------------
Running DevOpsDemo.AppTest
Tests run: 2, Failures: 0, Errors: 0, Skipped: 0, Time elapsed: 0.048 sec

Results :

Tests run: 2, Failures: 0, Errors: 0, Skipped: 0

[INFO] 
[INFO] --- jar:3.0.2:jar (default-jar) @ DemoMavenProject ---
[INFO] Building jar: /Users/yawenluo/Desktop/testfolder/local_dev/maven-demo-repo/target/DemoMavenProject-0.0.1-SNAPSHOT.jar
[INFO] 
[INFO] --- install:2.5.2:install (default-install) @ DemoMavenProject ---
[INFO] Installing /Users/yawenluo/Desktop/testfolder/local_dev/maven-demo-repo/target/DemoMavenProject-0.0.1-SNAPSHOT.jar to /Users/yawenluo/.m2/repository/DevOpsDemo/DemoMavenProject/0.0.1-SNAPSHOT/DemoMavenProject-0.0.1-SNAPSHOT.jar
[INFO] Installing /Users/yawenluo/Desktop/testfolder/local_dev/maven-demo-repo/pom.xml to /Users/yawenluo/.m2/repository/DevOpsDemo/DemoMavenProject/0.0.1-SNAPSHOT/DemoMavenProject-0.0.1-SNAPSHOT.pom
[INFO] 
[INFO] --- deploy:2.8.2:deploy (default-deploy) @ DemoMavenProject ---
[INFO] Downloading from artifact-registry: https://us-central1-maven.pkg.dev/gcb-catalog-experiment/better-java-repo/DevOpsDemo/DemoMavenProject/0.0.1-SNAPSHOT/maven-metadata.xml
[WARNING] Could not transfer metadata DevOpsDemo:DemoMavenProject:0.0.1-SNAPSHOT/maven-metadata.xml from/to artifact-registry (https://us-central1-maven.pkg.dev/gcb-catalog-experiment/better-java-repo): status code: 401, reason phrase: Unauthorized (401)
[INFO] ------------------------------------------------------------------------
[INFO] BUILD FAILURE
[INFO] ------------------------------------------------------------------------
[INFO] Total time:  3.579 s
[INFO] Finished at: 2023-10-03T17:29:34-04:00
[INFO] ------------------------------------------------------------------------
[ERROR] Failed to execute goal org.apache.maven.plugins:maven-deploy-plugin:2.8.2:deploy (default-deploy) on project DemoMavenProject: Failed to retrieve remote metadata DevOpsDemo:DemoMavenProject:0.0.1-SNAPSHOT/maven-metadata.xml: Could not transfer metadata DevOpsDemo:DemoMavenProject:0.0.1-SNAPSHOT/maven-metadata.xml from/to artifact-registry (https://us-central1-maven.pkg.dev/gcb-catalog-experiment/better-java-repo): status code: 401, reason phrase: Unauthorized (401) -> [Help 1]
[ERROR] 
[ERROR] To see the full stack trace of the errors, re-run Maven with the -e switch.
[ERROR] Re-run Maven using the -X switch to enable full debug logging.
[ERROR] 
[ERROR] For more information about the errors and possible solutions, please read the following articles:
[ERROR] [Help 1] http://cwiki.apache.org/confluence/display/MAVEN/MojoExecutionException
